{"D:\\work\\question\\Questionnaire\\src\\components\\Uploader\\index.tsx": {"path":"D:\\work\\question\\Questionnaire\\src\\components\\Uploader\\index.tsx","statementMap":{"0":{"start":{"line":1,"column":0},"end":{"line":1,"column":62}},"1":{"start":{"line":3,"column":0},"end":{"line":3,"column":25}},"2":{"start":{"line":4,"column":0},"end":{"line":4,"column":35}},"3":{"start":{"line":5,"column":0},"end":{"line":5,"column":58}},"4":{"start":{"line":6,"column":0},"end":{"line":6,"column":31}},"5":{"start":{"line":21,"column":20},"end":{"line":21,"column":38}},"6":{"start":{"line":22,"column":29},"end":{"line":93,"column":1}},"7":{"start":{"line":23,"column":25},"end":{"line":23,"column":55}},"8":{"start":{"line":24,"column":21},"end":{"line":24,"column":51}},"9":{"start":{"line":25,"column":46},"end":{"line":25,"column":76}},"10":{"start":{"line":25,"column":24},"end":{"line":25,"column":26}},"11":{"start":{"line":25,"column":42},"end":{"line":25,"column":46}},"12":{"start":{"line":26,"column":34},"end":{"line":32,"column":6}},"13":{"start":{"line":26,"column":18},"end":{"line":26,"column":20}},"14":{"start":{"line":26,"column":30},"end":{"line":26,"column":34}},"15":{"start":{"line":33,"column":24},"end":{"line":35,"column":23}},"16":{"start":{"line":34,"column":8},"end":{"line":34,"column":null}},"17":{"start":{"line":34,"column":44},"end":{"line":34,"column":72}},"18":{"start":{"line":37,"column":8},"end":{"line":39,"column":9}},"19":{"start":{"line":38,"column":12},"end":{"line":38,"column":null}},"20":{"start":{"line":42,"column":22},"end":{"line":42,"column":30}},"21":{"start":{"line":43,"column":22},"end":{"line":43,"column":33}},"22":{"start":{"line":44,"column":25},"end":{"line":44,"column":39}},"23":{"start":{"line":45,"column":21},"end":{"line":45,"column":29}},"24":{"start":{"line":46,"column":8},"end":{"line":46,"column":null}},"25":{"start":{"line":47,"column":8},"end":{"line":54,"column":null}},"26":{"start":{"line":49,"column":16},"end":{"line":49,"column":null}},"27":{"start":{"line":50,"column":16},"end":{"line":50,"column":null}},"28":{"start":{"line":51,"column":16},"end":{"line":51,"column":null}},"29":{"start":{"line":52,"column":16},"end":{"line":52,"column":null}},"30":{"start":{"line":55,"column":8},"end":{"line":55,"column":null}},"31":{"start":{"line":55,"column":44},"end":{"line":55,"column":64}},"32":{"start":{"line":56,"column":8},"end":{"line":67,"column":null}},"33":{"start":{"line":63,"column":16},"end":{"line":63,"column":null}},"34":{"start":{"line":63,"column":46},"end":{"line":63,"column":73}},"35":{"start":{"line":66,"column":16},"end":{"line":66,"column":null}},"36":{"start":{"line":66,"column":46},"end":{"line":66,"column":71}},"37":{"start":{"line":70,"column":4},"end":{"line":92,"column":null}},"38":{"start":{"line":95,"column":0},"end":{"line":95,"column":null}}},"fnMap":{"0":{"name":"(anonymous_1)","decl":{"start":{"line":22,"column":29},"end":{"line":22,"column":30}},"loc":{"start":{"line":22,"column":35},"end":{"line":93,"column":1}}},"1":{"name":"(anonymous_2)","decl":{"start":{"line":33,"column":32},"end":{"line":33,"column":null}},"loc":{"start":{"line":33,"column":32},"end":{"line":35,"column":5}}},"2":{"name":"(anonymous_3)","decl":{"start":{"line":34,"column":34},"end":{"line":34,"column":35}},"loc":{"start":{"line":34,"column":39},"end":{"line":34,"column":48}}},"3":{"name":"handleInputChange","decl":{"start":{"line":36,"column":13},"end":{"line":36,"column":30}},"loc":{"start":{"line":36,"column":30},"end":{"line":40,"column":5}}},"4":{"name":"handleUploadFile","decl":{"start":{"line":41,"column":13},"end":{"line":41,"column":29}},"loc":{"start":{"line":41,"column":36},"end":{"line":68,"column":5}}},"5":{"name":"(anonymous_6)","decl":{"start":{"line":48,"column":20},"end":{"line":48,"column":21}},"loc":{"start":{"line":48,"column":26},"end":{"line":53,"column":13}}},"6":{"name":"(anonymous_7)","decl":{"start":{"line":55,"column":33},"end":{"line":55,"column":34}},"loc":{"start":{"line":55,"column":39},"end":{"line":55,"column":49}}},"7":{"name":"(anonymous_8)","decl":{"start":{"line":62,"column":18},"end":{"line":62,"column":19}},"loc":{"start":{"line":62,"column":22},"end":{"line":64,"column":13}}},"8":{"name":"(anonymous_9)","decl":{"start":{"line":63,"column":35},"end":{"line":63,"column":36}},"loc":{"start":{"line":63,"column":41},"end":{"line":63,"column":47}}},"9":{"name":"(anonymous_10)","decl":{"start":{"line":65,"column":19},"end":{"line":65,"column":20}},"loc":{"start":{"line":65,"column":23},"end":{"line":67,"column":13}}},"10":{"name":"(anonymous_11)","decl":{"start":{"line":66,"column":35},"end":{"line":66,"column":36}},"loc":{"start":{"line":66,"column":41},"end":{"line":66,"column":47}}}},"branchMap":{"0":{"loc":{"start":{"line":37,"column":8},"end":{"line":39,"column":9}},"type":"if","locations":[{"start":{"line":37,"column":8},"end":{"line":39,"column":9}}]},"1":{"loc":{"start":{"line":76,"column":29},"end":{"line":76,"column":52}},"type":"binary-expr","locations":[{"start":{"line":76,"column":29},"end":{"line":76,"column":40}},{"start":{"line":76,"column":44},"end":{"line":76,"column":52}}]},"2":{"loc":{"start":{"line":77,"column":29},"end":{"line":77,"column":51}},"type":"binary-expr","locations":[{"start":{"line":77,"column":29},"end":{"line":77,"column":41}},{"start":{"line":77,"column":45},"end":{"line":77,"column":51}}]}},"s":{"0":1,"1":1,"2":1,"3":1,"4":1,"5":1,"6":1,"7":6,"8":5,"9":5,"10":1,"11":1,"12":1,"13":1,"14":1,"15":1,"16":1,"17":0,"18":0,"19":0,"20":1,"21":1,"22":1,"23":1,"24":1,"25":1,"26":1,"27":1,"28":1,"29":1,"30":1,"31":4,"32":1,"33":1,"34":0,"35":0,"36":0,"37":1,"38":1},"f":{"0":6,"1":1,"2":0,"3":0,"4":1,"5":1,"6":4,"7":1,"8":0,"9":0,"10":0},"b":{"0":[0],"1":[1,0],"2":[1,1]}}
,"D:\\work\\question\\Questionnaire\\src\\stores\\commonproperties.ts": {"path":"D:\\work\\question\\Questionnaire\\src\\stores\\commonproperties.ts","statementMap":{"0":{"start":{"line":1,"column":0},"end":{"line":1,"column":35}},"1":{"start":{"line":2,"column":0},"end":{"line":2,"column":31}},"2":{"start":{"line":4,"column":13},"end":{"line":25,"column":null}},"3":{"start":{"line":27,"column":13},"end":{"line":40,"column":null}},"4":{"start":{"line":43,"column":13},"end":{"line":49,"column":null}},"5":{"start":{"line":51,"column":26},"end":{"line":58,"column":1}},"6":{"start":{"line":52,"column":4},"end":{"line":57,"column":null}},"7":{"start":{"line":53,"column":8},"end":{"line":55,"column":null}},"8":{"start":{"line":51,"column":13},"end":{"line":51,"column":26}}},"fnMap":{"0":{"name":"(anonymous_2)","decl":{"start":{"line":51,"column":26},"end":{"line":51,"column":27}},"loc":{"start":{"line":51,"column":56},"end":{"line":58,"column":1}}},"1":{"name":"(anonymous_3)","decl":{"start":{"line":52,"column":19},"end":{"line":52,"column":null}},"loc":{"start":{"line":52,"column":19},"end":{"line":57,"column":5}}}},"branchMap":{},"s":{"0":1,"1":1,"2":1,"3":1,"4":1,"5":1,"6":6,"7":1,"8":1},"f":{"0":6,"1":1},"b":{}}
}
