{"D:\\work\\question\\Questionnaire\\src\\components\\Uploader\\index.tsx": {"path":"D:\\work\\question\\Questionnaire\\src\\components\\Uploader\\index.tsx","statementMap":{"0":{"start":{"line":1,"column":0},"end":{"line":1,"column":43}},"1":{"start":{"line":3,"column":0},"end":{"line":3,"column":25}},"2":{"start":{"line":4,"column":0},"end":{"line":4,"column":58}},"3":{"start":{"line":11,"column":20},"end":{"line":11,"column":38}},"4":{"start":{"line":12,"column":29},"end":{"line":67,"column":1}},"5":{"start":{"line":13,"column":25},"end":{"line":13,"column":55}},"6":{"start":{"line":14,"column":21},"end":{"line":14,"column":51}},"7":{"start":{"line":16,"column":8},"end":{"line":16,"column":53}},"8":{"start":{"line":15,"column":27},"end":{"line":15,"column":29}},"9":{"start":{"line":15,"column":48},"end":{"line":15,"column":null}},"10":{"start":{"line":18,"column":8},"end":{"line":20,"column":9}},"11":{"start":{"line":19,"column":12},"end":{"line":19,"column":null}},"12":{"start":{"line":23,"column":22},"end":{"line":23,"column":30}},"13":{"start":{"line":24,"column":22},"end":{"line":24,"column":33}},"14":{"start":{"line":25,"column":25},"end":{"line":25,"column":39}},"15":{"start":{"line":26,"column":8},"end":{"line":26,"column":null}},"16":{"start":{"line":27,"column":8},"end":{"line":27,"column":null}},"17":{"start":{"line":28,"column":8},"end":{"line":39,"column":null}},"18":{"start":{"line":35,"column":16},"end":{"line":35,"column":null}},"19":{"start":{"line":38,"column":16},"end":{"line":38,"column":null}},"20":{"start":{"line":42,"column":4},"end":{"line":66,"column":null}},"21":{"start":{"line":69,"column":0},"end":{"line":69,"column":null}}},"fnMap":{"0":{"name":"(anonymous_7)","decl":{"start":{"line":12,"column":29},"end":{"line":12,"column":30}},"loc":{"start":{"line":12,"column":35},"end":{"line":67,"column":1}}},"1":{"name":"handleInputChange","decl":{"start":{"line":17,"column":13},"end":{"line":17,"column":30}},"loc":{"start":{"line":17,"column":30},"end":{"line":21,"column":5}}},"2":{"name":"handleUploadFile","decl":{"start":{"line":22,"column":13},"end":{"line":22,"column":29}},"loc":{"start":{"line":22,"column":36},"end":{"line":40,"column":5}}},"3":{"name":"(anonymous_10)","decl":{"start":{"line":34,"column":18},"end":{"line":34,"column":19}},"loc":{"start":{"line":34,"column":22},"end":{"line":36,"column":13}}},"4":{"name":"(anonymous_11)","decl":{"start":{"line":37,"column":19},"end":{"line":37,"column":20}},"loc":{"start":{"line":37,"column":23},"end":{"line":39,"column":13}}}},"branchMap":{"0":{"loc":{"start":{"line":18,"column":8},"end":{"line":20,"column":9}},"type":"if","locations":[{"start":{"line":18,"column":8},"end":{"line":20,"column":9}}]},"1":{"loc":{"start":{"line":48,"column":29},"end":{"line":48,"column":67}},"type":"binary-expr","locations":[{"start":{"line":48,"column":29},"end":{"line":48,"column":57}},{"start":{"line":48,"column":61},"end":{"line":48,"column":67}}]},"2":{"loc":{"start":{"line":49,"column":29},"end":{"line":49,"column":73}},"type":"binary-expr","locations":[{"start":{"line":49,"column":29},"end":{"line":49,"column":61}},{"start":{"line":49,"column":65},"end":{"line":49,"column":73}}]},"3":{"loc":{"start":{"line":50,"column":29},"end":{"line":50,"column":69}},"type":"binary-expr","locations":[{"start":{"line":50,"column":29},"end":{"line":50,"column":59}},{"start":{"line":50,"column":63},"end":{"line":50,"column":69}}]},"4":{"loc":{"start":{"line":51,"column":29},"end":{"line":51,"column":67}},"type":"binary-expr","locations":[{"start":{"line":51,"column":29},"end":{"line":51,"column":57}},{"start":{"line":51,"column":61},"end":{"line":51,"column":67}}]}},"s":{"0":1,"1":1,"2":1,"3":1,"4":1,"5":9,"6":8,"7":8,"8":8,"9":8,"10":0,"11":0,"12":2,"13":2,"14":2,"15":2,"16":2,"17":2,"18":1,"19":1,"20":8,"21":1},"f":{"0":9,"1":0,"2":2,"3":1,"4":1},"b":{"0":[0],"1":[8,4],"2":[8,2],"3":[8,1],"4":[8,1]}}
,"D:\\work\\question\\Questionnaire\\src\\stores\\commonproperties.ts": {"path":"D:\\work\\question\\Questionnaire\\src\\stores\\commonproperties.ts","statementMap":{"0":{"start":{"line":1,"column":0},"end":{"line":1,"column":35}},"1":{"start":{"line":2,"column":0},"end":{"line":2,"column":31}},"2":{"start":{"line":4,"column":13},"end":{"line":25,"column":null}},"3":{"start":{"line":27,"column":13},"end":{"line":40,"column":null}},"4":{"start":{"line":43,"column":13},"end":{"line":49,"column":null}},"5":{"start":{"line":51,"column":26},"end":{"line":58,"column":1}},"6":{"start":{"line":52,"column":4},"end":{"line":57,"column":null}},"7":{"start":{"line":53,"column":8},"end":{"line":55,"column":null}},"8":{"start":{"line":51,"column":13},"end":{"line":51,"column":26}}},"fnMap":{"0":{"name":"(anonymous_2)","decl":{"start":{"line":51,"column":26},"end":{"line":51,"column":27}},"loc":{"start":{"line":51,"column":56},"end":{"line":58,"column":1}}},"1":{"name":"(anonymous_3)","decl":{"start":{"line":52,"column":19},"end":{"line":52,"column":null}},"loc":{"start":{"line":52,"column":19},"end":{"line":57,"column":5}}}},"branchMap":{},"s":{"0":1,"1":1,"2":1,"3":1,"4":1,"5":1,"6":9,"7":4,"8":1},"f":{"0":9,"1":4},"b":{}}
}
