TN:
SF:src\components\Uploader\index.tsx
FN:22,(anonymous_1)
FN:26,(anonymous_2)
FN:27,(anonymous_3)
FN:29,handleInputChange
FN:34,handleUploadFile
FN:40,(anonymous_6)
FN:47,(anonymous_7)
FN:54,(anonymous_8)
FN:55,(anonymous_9)
FN:57,(anonymous_10)
FN:58,(anonymous_11)
FNF:11
FNH:3
FNDA:1,(anonymous_1)
FNDA:1,(anonymous_2)
FNDA:0,(anonymous_3)
FNDA:0,handleInputChange
FNDA:1,handleUploadFile
FNDA:0,(anonymous_6)
FNDA:0,(anonymous_7)
FNDA:0,(anonymous_8)
FNDA:0,(anonymous_9)
FNDA:0,(anonymous_10)
FNDA:0,(anonymous_11)
DA:1,1
DA:3,1
DA:4,1
DA:5,1
DA:6,1
DA:21,1
DA:22,1
DA:23,1
DA:24,1
DA:25,1
DA:26,1
DA:27,1
DA:30,0
DA:31,0
DA:35,1
DA:36,1
DA:37,1
DA:38,1
DA:39,1
DA:40,1
DA:47,0
DA:48,0
DA:55,0
DA:58,0
DA:62,1
DA:87,1
LF:26
LH:20
BRDA:30,0,0,0
BRDA:68,1,0,1
BRDA:68,1,1,0
BRDA:69,2,0,1
BRDA:69,2,1,1
BRF:5
BRH:3
end_of_record
TN:
SF:src\stores\commonproperties.ts
FN:51,(anonymous_2)
FN:52,(anonymous_3)
FNF:2
FNH:2
FNDA:1,(anonymous_2)
FNDA:1,(anonymous_3)
DA:1,1
DA:2,1
DA:4,1
DA:27,1
DA:43,1
DA:51,1
DA:52,1
DA:53,1
LF:8
LH:8
BRF:0
BRH:0
end_of_record
