TN:
SF:src\components\Uploader\index.tsx
FN:12,(anonymous_7)
FN:17,handleInputChange
FN:22,handleUploadFile
FN:34,(anonymous_10)
FN:37,(anonymous_11)
FNF:5
FNH:4
FNDA:9,(anonymous_7)
FNDA:0,handleInputChange
FNDA:2,handleUploadFile
FNDA:1,(anonymous_10)
FNDA:1,(anonymous_11)
DA:1,1
DA:3,1
DA:4,1
DA:11,1
DA:12,1
DA:13,9
DA:14,8
DA:15,8
DA:16,8
DA:18,0
DA:19,0
DA:23,2
DA:24,2
DA:25,2
DA:26,2
DA:27,2
DA:28,2
DA:35,1
DA:38,1
DA:42,8
DA:69,1
LF:21
LH:19
BRDA:18,0,0,0
BRDA:48,1,0,8
BRDA:48,1,1,4
BRDA:49,2,0,8
BRDA:49,2,1,2
BRDA:50,3,0,8
BRDA:50,3,1,1
BRDA:51,4,0,8
BRDA:51,4,1,1
BRF:9
BRH:8
end_of_record
TN:
SF:src\stores\commonproperties.ts
FN:51,(anonymous_2)
FN:52,(anonymous_3)
FNF:2
FNH:2
FNDA:9,(anonymous_2)
FNDA:4,(anonymous_3)
DA:1,1
DA:2,1
DA:4,1
DA:27,1
DA:43,1
DA:51,1
DA:52,9
DA:53,4
LF:8
LH:8
BRF:0
BRH:0
end_of_record
